<?xml version="1.0" encoding="UTF-8"?>
<testsuite xmlns:xsi="http://www.w3.org/2001/XMLSchema-instance" xsi:noNamespaceSchemaLocation="https://maven.apache.org/surefire/maven-surefire-plugin/xsd/surefire-test-report.xsd" name="DevOpsDemo.Calculator.CalculatorTest" time="0.011" tests="4" errors="0" skipped="0" failures="0">
  <properties>
[...]
</properties>
  <testcase name="sumTest" classname="DevOpsDemo.Calculator.CalculatorTest" time="0.001"/>
  <testcase name="multiplyTest" classname="DevOpsDemo.Calculator.CalculatorTest" time="0"/>
  <testcase name="devideTest" classname="DevOpsDemo.Calculator.CalculatorTest" time="0"/>
  <testcase name="subtractTest" classname="DevOpsDemo.Calculator.CalculatorTest" time="0"/>
</testsuite>